  food.cpp
  Main.cpp
C:\Users\mergo\source\repos\snake\snake\Window.h(13,38): warning C4244: аргумент: преобразование "float" в "unsigned int", возможна потеря данных
C:\Users\mergo\source\repos\snake\snake\Window.h(13,31): warning C4244: аргумент: преобразование "float" в "unsigned int", возможна потеря данных
C:\Users\mergo\source\repos\snake\snake\food.h(44,12): warning C4244: return: преобразование "int" в "float", возможна потеря данных
C:\Users\mergo\source\repos\snake\snake\food.h(48,12): warning C4244: return: преобразование "int" в "float", возможна потеря данных
C:\Users\mergo\source\repos\snake\snake\Main.cpp(21,15): warning C4244: аргумент: преобразование "time_t" в "unsigned int", возможна потеря данных
  Snake.cpp
C:\Users\mergo\source\repos\snake\snake\Window.h(13,38): warning C4244: аргумент: преобразование "float" в "unsigned int", возможна потеря данных
C:\Users\mergo\source\repos\snake\snake\Window.h(13,31): warning C4244: аргумент: преобразование "float" в "unsigned int", возможна потеря данных
C:\Users\mergo\source\repos\snake\snake\food.h(44,12): warning C4244: return: преобразование "int" в "float", возможна потеря данных
C:\Users\mergo\source\repos\snake\snake\food.h(48,12): warning C4244: return: преобразование "int" в "float", возможна потеря данных
  Window.cpp
C:\Users\mergo\source\repos\snake\snake\Window.h(13,38): warning C4244: аргумент: преобразование "float" в "unsigned int", возможна потеря данных
C:\Users\mergo\source\repos\snake\snake\Window.h(13,31): warning C4244: аргумент: преобразование "float" в "unsigned int", возможна потеря данных
  Создание кода
  Previous IPDB not found, fall back to full compilation.
  All 87 functions were compiled because no usable IPDB/IOBJ from previous compilation was found.
  Создание кода завершено
  snake.vcxproj -> C:\Users\mergo\source\repos\snake\x64\Release\snake.exe
