  food.cpp
  Main.cpp
C:\Users\mergo\source\repos\snake\snake\Window.h(14,38): warning C4244: аргумент: преобразование "float" в "unsigned int", возможна потеря данных
C:\Users\mergo\source\repos\snake\snake\Window.h(14,31): warning C4244: аргумент: преобразование "float" в "unsigned int", возможна потеря данных
C:\Users\mergo\source\repos\snake\snake\food.h(29,25): warning C4244: аргумент: преобразование "int" в "float", возможна потеря данных
C:\Users\mergo\source\repos\snake\snake\food.h(29,22): warning C4244: аргумент: преобразование "int" в "float", возможна потеря данных
C:\Users\mergo\source\repos\snake\snake\Main.cpp(28,15): warning C4244: аргумент: преобразование "time_t" в "unsigned int", возможна потеря данных
  Snake.cpp
C:\Users\mergo\source\repos\snake\snake\Window.h(14,38): warning C4244: аргумент: преобразование "float" в "unsigned int", возможна потеря данных
C:\Users\mergo\source\repos\snake\snake\Window.h(14,31): warning C4244: аргумент: преобразование "float" в "unsigned int", возможна потеря данных
C:\Users\mergo\source\repos\snake\snake\food.h(29,25): warning C4244: аргумент: преобразование "int" в "float", возможна потеря данных
C:\Users\mergo\source\repos\snake\snake\food.h(29,22): warning C4244: аргумент: преобразование "int" в "float", возможна потеря данных
  Window.cpp
C:\Users\mergo\source\repos\snake\snake\Window.h(14,38): warning C4244: аргумент: преобразование "float" в "unsigned int", возможна потеря данных
C:\Users\mergo\source\repos\snake\snake\Window.h(14,31): warning C4244: аргумент: преобразование "float" в "unsigned int", возможна потеря данных
  Создание кода...
C:\Users\mergo\source\repos\snake\snake\Snake.cpp(83): warning C4715: notFree: значение возвращается не при всех путях выполнения
C:\Users\mergo\source\repos\snake\snake\Snake.cpp(110): warning C4715: dir_changer: значение возвращается не при всех путях выполнения
Main.obj : error LNK2019: ссылка на неразрешенный внешний символ "__declspec(dllimport) public: int __cdecl sf::Time::asMilliseconds(void)const " (__imp_?asMilliseconds@Time@sf@@QEBAHXZ) в функции main.
Main.obj : error LNK2019: ссылка на неразрешенный внешний символ "__declspec(dllimport) class sf::Time __cdecl sf::milliseconds(int)" (__imp_?milliseconds@sf@@YA?AVTime@1@H@Z) в функции main.
Main.obj : error LNK2019: ссылка на неразрешенный внешний символ "__declspec(dllimport) class sf::Time & __cdecl sf::operator-=(class sf::Time &,class sf::Time)" (__imp_??Zsf@@YAAEAVTime@0@AEAV10@V10@@Z) в функции main.
Main.obj : error LNK2019: ссылка на неразрешенный внешний символ "__declspec(dllimport) public: __cdecl sf::Clock::Clock(void)" (__imp_??0Clock@sf@@QEAA@XZ) в функции main.
Main.obj : error LNK2019: ссылка на неразрешенный внешний символ "__declspec(dllimport) public: class sf::Time __cdecl sf::Clock::getElapsedTime(void)const " (__imp_?getElapsedTime@Clock@sf@@QEBA?AVTime@2@XZ) в функции main.
Main.obj : error LNK2019: ссылка на неразрешенный внешний символ "__declspec(dllimport) public: class sf::Time __cdecl sf::Clock::restart(void)" (__imp_?restart@Clock@sf@@QEAA?AVTime@2@XZ) в функции main.
Main.obj : error LNK2019: ссылка на неразрешенный внешний символ "__declspec(dllimport) public: __cdecl sf::String::String(char const *,class std::locale const &)" (__imp_??0String@sf@@QEAA@PEBDAEBVlocale@std@@@Z) в функции main.
Main.obj : error LNK2019: ссылка на неразрешенный внешний символ "__declspec(dllimport) public: __cdecl sf::String::String(class std::basic_string<char,struct std::char_traits<char>,class std::allocator<char> > const &,class std::locale const &)" (__imp_??0String@sf@@QEAA@AEBV?$basic_string@DU?$char_traits@D@std@@V?$allocator@D@2@@std@@AEBVlocale@3@@Z) в функции "public: __cdecl Okno::Okno(void)" (??0Okno@@QEAA@XZ).
Main.obj : error LNK2019: ссылка на неразрешенный внешний символ "__declspec(dllimport) public: __cdecl sf::String::~String(void)" (__imp_??1String@sf@@QEAA@XZ) в функции "public: __cdecl Okno::Okno(void)" (??0Okno@@QEAA@XZ).
Main.obj : error LNK2019: ссылка на неразрешенный внешний символ "__declspec(dllimport) public: static bool __cdecl sf::Keyboard::isKeyPressed(enum sf::Keyboard::Key)" (__imp_?isKeyPressed@Keyboard@sf@@SA_NW4Key@12@@Z) в функции "int __cdecl direction(void)" (?direction@@YAHXZ).
Main.obj : error LNK2019: ссылка на неразрешенный внешний символ "__declspec(dllimport) public: __cdecl sf::VideoMode::VideoMode(unsigned int,unsigned int,unsigned int)" (__imp_??0VideoMode@sf@@QEAA@III@Z) в функции "public: __cdecl Okno::Okno(void)" (??0Okno@@QEAA@XZ).
Main.obj : error LNK2019: ссылка на неразрешенный внешний символ "__declspec(dllimport) public: bool __cdecl sf::WindowBase::isOpen(void)const " (__imp_?isOpen@WindowBase@sf@@QEBA_NXZ) в функции main.
Main.obj : error LNK2019: ссылка на неразрешенный внешний символ "__declspec(dllimport) public: bool __cdecl sf::WindowBase::pollEvent(class sf::Event &)" (__imp_?pollEvent@WindowBase@sf@@QEAA_NAEAVEvent@2@@Z) в функции main.
Main.obj : error LNK2019: ссылка на неразрешенный внешний символ "__declspec(dllimport) public: virtual void __cdecl sf::Window::close(void)" (__imp_?close@Window@sf@@UEAAXXZ) в функции main.
Main.obj : error LNK2019: ссылка на неразрешенный внешний символ "__declspec(dllimport) public: void __cdecl sf::Window::display(void)" (__imp_?display@Window@sf@@QEAAXXZ) в функции main.
Main.obj : error LNK2019: ссылка на неразрешенный внешний символ "__declspec(dllimport) public: void __cdecl sf::Transformable::setPosition(float,float)" (__imp_?setPosition@Transformable@sf@@QEAAXMM@Z) в функции "public: __cdecl Okno::Okno(void)" (??0Okno@@QEAA@XZ).
Main.obj : error LNK2019: ссылка на неразрешенный внешний символ "__declspec(dllimport) public: void __cdecl sf::Transformable::setScale(float,float)" (__imp_?setScale@Transformable@sf@@QEAAXMM@Z) в функции main.
Main.obj : error LNK2019: ссылка на неразрешенный внешний символ "__declspec(dllimport) public: void __cdecl sf::Transformable::setOrigin(float,float)" (__imp_?setOrigin@Transformable@sf@@QEAAXMM@Z) в функции "public: __cdecl Body::Body(void)" (??0Body@@QEAA@XZ).
Main.obj : error LNK2019: ссылка на неразрешенный внешний символ "__declspec(dllimport) public: class sf::Vector2<float> const & __cdecl sf::Transformable::getPosition(void)const " (__imp_?getPosition@Transformable@sf@@QEBAAEBV?$Vector2@M@2@XZ) в функции "public: void __cdecl Player::move(int)" (?move@Player@@QEAAXH@Z).
Main.obj : error LNK2019: ссылка на неразрешенный внешний символ "__declspec(dllimport) public: __cdecl sf::Color::Color(unsigned char,unsigned char,unsigned char,unsigned char)" (__imp_??0Color@sf@@QEAA@EEEE@Z) в функции main.
Main.obj : error LNK2019: ссылка на неразрешенный внешний символ "__declspec(dllimport) public: void __cdecl sf::Shape::setFillColor(class sf::Color const &)" (__imp_?setFillColor@Shape@sf@@QEAAXAEBVColor@2@@Z) в функции "public: __cdecl Body::Body(void)" (??0Body@@QEAA@XZ).
Main.obj : error LNK2019: ссылка на неразрешенный внешний символ "__declspec(dllimport) public: void __cdecl sf::Shape::setOutlineColor(class sf::Color const &)" (__imp_?setOutlineColor@Shape@sf@@QEAAXAEBVColor@2@@Z) в функции "public: __cdecl Okno::Okno(void)" (??0Okno@@QEAA@XZ).
Main.obj : error LNK2019: ссылка на неразрешенный внешний символ "__declspec(dllimport) public: void __cdecl sf::Shape::setOutlineThickness(float)" (__imp_?setOutlineThickness@Shape@sf@@QEAAXM@Z) в функции "public: __cdecl Okno::Okno(void)" (??0Okno@@QEAA@XZ).
Main.obj : error LNK2019: ссылка на неразрешенный внешний символ "__declspec(dllimport) public: class sf::Color const & __cdecl sf::Shape::getFillColor(void)const " (__imp_?getFillColor@Shape@sf@@QEBAAEBVColor@2@XZ) в функции "public: __cdecl Body::Body(void)" (??0Body@@QEAA@XZ).
Main.obj : error LNK2019: ссылка на неразрешенный внешний символ "__declspec(dllimport) public: class sf::Rect<float> __cdecl sf::Shape::getGlobalBounds(void)const " (__imp_?getGlobalBounds@Shape@sf@@QEBA?AV?$Rect@M@2@XZ) в функции "public: bool __cdecl Player::collision(class sf::CircleShape)" (?collision@Player@@QEAA_NVCircleShape@sf@@@Z).
Main.obj : error LNK2019: ссылка на неразрешенный внешний символ "__declspec(dllimport) public: __cdecl sf::CircleShape::CircleShape(float,unsigned __int64)" (__imp_??0CircleShape@sf@@QEAA@M_K@Z) в функции "public: __cdecl Obj::Obj(void)" (??0Obj@@QEAA@XZ).
Main.obj : error LNK2019: ссылка на неразрешенный внешний символ "__declspec(dllimport) public: void __cdecl sf::CircleShape::setRadius(float)" (__imp_?setRadius@CircleShape@sf@@QEAAXM@Z) в функции "public: __cdecl Obj::Obj(void)" (??0Obj@@QEAA@XZ).
Main.obj : error LNK2019: ссылка на неразрешенный внешний символ "__declspec(dllimport) public: virtual __cdecl sf::CircleShape::~CircleShape(void)" (__imp_??1CircleShape@sf@@UEAA@XZ) в функции "int `public: __cdecl Obj::Obj(void)'::`1'::dtor$0" (?dtor$0@?0???0Obj@@QEAA@XZ@4HA).
Main.obj : error LNK2019: ссылка на неразрешенный внешний символ "__declspec(dllimport) public: __cdecl sf::CircleShape::CircleShape(class sf::CircleShape const &)" (__imp_??0CircleShape@sf@@QEAA@AEBV01@@Z) в функции main.
Main.obj : error LNK2019: ссылка на неразрешенный внешний символ "__declspec(dllimport) public: __cdecl sf::Font::Font(void)" (__imp_??0Font@sf@@QEAA@XZ) в функции main.
Main.obj : error LNK2019: ссылка на неразрешенный внешний символ "__declspec(dllimport) public: __cdecl sf::Font::~Font(void)" (__imp_??1Font@sf@@QEAA@XZ) в функции main.
Main.obj : error LNK2019: ссылка на неразрешенный внешний символ "__declspec(dllimport) public: bool __cdecl sf::Font::loadFromFile(class std::basic_string<char,struct std::char_traits<char>,class std::allocator<char> > const &)" (__imp_?loadFromFile@Font@sf@@QEAA_NAEBV?$basic_string@DU?$char_traits@D@std@@V?$allocator@D@2@@std@@@Z) в функции main.
Main.obj : error LNK2019: ссылка на неразрешенный внешний символ "__declspec(dllimport) public: __cdecl sf::RectangleShape::RectangleShape(class sf::Vector2<float> const &)" (__imp_??0RectangleShape@sf@@QEAA@AEBV?$Vector2@M@1@@Z) в функции "public: __cdecl Body::Body(void)" (??0Body@@QEAA@XZ).
Main.obj : error LNK2019: ссылка на неразрешенный внешний символ "__declspec(dllimport) public: void __cdecl sf::RectangleShape::setSize(class sf::Vector2<float> const &)" (__imp_?setSize@RectangleShape@sf@@QEAAXAEBV?$Vector2@M@2@@Z) в функции "public: __cdecl Body::Body(void)" (??0Body@@QEAA@XZ).
Main.obj : error LNK2019: ссылка на неразрешенный внешний символ "__declspec(dllimport) public: virtual __cdecl sf::RectangleShape::~RectangleShape(void)" (__imp_??1RectangleShape@sf@@UEAA@XZ) в функции "int `public: __cdecl Body::Body(void)'::`1'::dtor$1" (?dtor$1@?0???0Body@@QEAA@XZ@4HA).
Snake.obj : error LNK2001: неразрешенный внешний символ "__declspec(dllimport) public: virtual __cdecl sf::RectangleShape::~RectangleShape(void)" (__imp_??1RectangleShape@sf@@UEAA@XZ).
Main.obj : error LNK2019: ссылка на неразрешенный внешний символ "__declspec(dllimport) public: __cdecl sf::RectangleShape::RectangleShape(class sf::RectangleShape const &)" (__imp_??0RectangleShape@sf@@QEAA@AEBV01@@Z) в функции main.
Main.obj : error LNK2019: ссылка на неразрешенный внешний символ "__declspec(dllimport) public: class sf::RectangleShape & __cdecl sf::RectangleShape::operator=(class sf::RectangleShape const &)" (__imp_??4RectangleShape@sf@@QEAAAEAV01@AEBV01@@Z) в функции "public: class Body & __cdecl Body::operator=(class Body const &)" (??4Body@@QEAAAEAV0@AEBV0@@Z).
Main.obj : error LNK2019: ссылка на неразрешенный внешний символ "__declspec(dllimport) public: void __cdecl sf::RenderTarget::clear(class sf::Color const &)" (__imp_?clear@RenderTarget@sf@@QEAAXAEBVColor@2@@Z) в функции main.
Main.obj : error LNK2019: ссылка на неразрешенный внешний символ "__declspec(dllimport) public: void __cdecl sf::RenderTarget::draw(class sf::Drawable const &,class sf::RenderStates const &)" (__imp_?draw@RenderTarget@sf@@QEAAXAEBVDrawable@2@AEBVRenderStates@2@@Z) в функции main.
Main.obj : error LNK2019: ссылка на неразрешенный внешний символ "__declspec(dllimport) public: __cdecl sf::RenderWindow::RenderWindow(void)" (__imp_??0RenderWindow@sf@@QEAA@XZ) в функции "public: __cdecl Okno::Okno(void)" (??0Okno@@QEAA@XZ).
Main.obj : error LNK2019: ссылка на неразрешенный внешний символ "__declspec(dllimport) public: virtual __cdecl sf::RenderWindow::~RenderWindow(void)" (__imp_??1RenderWindow@sf@@UEAA@XZ) в функции "int `public: __cdecl Okno::Okno(void)'::`1'::dtor$0" (?dtor$0@?0???0Okno@@QEAA@XZ@4HA).
Main.obj : error LNK2019: ссылка на неразрешенный внешний символ "__declspec(dllimport) public: __cdecl sf::Text::Text(void)" (__imp_??0Text@sf@@QEAA@XZ) в функции main.
Main.obj : error LNK2019: ссылка на неразрешенный внешний символ "__declspec(dllimport) public: void __cdecl sf::Text::setString(class sf::String const &)" (__imp_?setString@Text@sf@@QEAAXAEBVString@2@@Z) в функции main.
Main.obj : error LNK2019: ссылка на неразрешенный внешний символ "__declspec(dllimport) public: void __cdecl sf::Text::setFont(class sf::Font const &)" (__imp_?setFont@Text@sf@@QEAAXAEBVFont@2@@Z) в функции main.
Main.obj : error LNK2019: ссылка на неразрешенный внешний символ "__declspec(dllimport) public: void __cdecl sf::Text::setColor(class sf::Color const &)" (__imp_?setColor@Text@sf@@QEAAXAEBVColor@2@@Z) в функции main.
Main.obj : error LNK2019: ссылка на неразрешенный внешний символ "__declspec(dllimport) public: void __cdecl sf::Text::setFillColor(class sf::Color const &)" (__imp_?setFillColor@Text@sf@@QEAAXAEBVColor@2@@Z) в функции main.
Main.obj : error LNK2019: ссылка на неразрешенный внешний символ "__declspec(dllimport) public: virtual __cdecl sf::Text::~Text(void)" (__imp_??1Text@sf@@UEAA@XZ) в функции main.
Main.obj : error LNK2019: ссылка на неразрешенный внешний символ "__declspec(dllimport) public: static class sf::RenderStates const sf::RenderStates::Default" (__imp_?Default@RenderStates@sf@@2V12@B) в функции main.
Main.obj : error LNK2019: ссылка на неразрешенный внешний символ "__declspec(dllimport) public: static class sf::Color const sf::Color::Black" (__imp_?Black@Color@sf@@2V12@B) в функции "public: __cdecl Okno::Okno(void)" (??0Okno@@QEAA@XZ).
Main.obj : error LNK2019: ссылка на неразрешенный внешний символ "__declspec(dllimport) public: static class sf::Color const sf::Color::White" (__imp_?White@Color@sf@@2V12@B) в функции "public: __cdecl Okno::Okno(void)" (??0Okno@@QEAA@XZ).
Main.obj : error LNK2019: ссылка на неразрешенный внешний символ "__declspec(dllimport) public: static class sf::Color const sf::Color::Red" (__imp_?Red@Color@sf@@2V12@B) в функции "public: __cdecl Obj::Obj(void)" (??0Obj@@QEAA@XZ).
Main.obj : error LNK2019: ссылка на неразрешенный внешний символ "__declspec(dllimport) public: static class sf::Color const sf::Color::Green" (__imp_?Green@Color@sf@@2V12@B) в функции "public: __cdecl Player::Player(void)" (??0Player@@QEAA@XZ).
D:\VS_LIBS\SFML\SFML-2.6.1\lib\sfml-graphics-d.lib : warning LNK4272: тип компьютера библиотеки "x86" конфликтует с типом целевого компьютера "x64"
D:\VS_LIBS\SFML\SFML-2.6.1\lib\sfml-system-d.lib : warning LNK4272: тип компьютера библиотеки "x86" конфликтует с типом целевого компьютера "x64"
D:\VS_LIBS\SFML\SFML-2.6.1\lib\sfml-window-d.lib : warning LNK4272: тип компьютера библиотеки "x86" конфликтует с типом целевого компьютера "x64"
D:\VS_LIBS\SFML\SFML-2.6.1\lib\sfml-audio-d.lib : warning LNK4272: тип компьютера библиотеки "x86" конфликтует с типом целевого компьютера "x64"
D:\VS_LIBS\SFML\SFML-2.6.1\lib\sfml-network-d.lib : warning LNK4272: тип компьютера библиотеки "x86" конфликтует с типом целевого компьютера "x64"
C:\Users\mergo\source\repos\snake\x64\Debug\snake.exe : fatal error LNK1120: неразрешенных внешних элементов: 52
