  Main.cpp
C:\Users\mergo\source\repos\snake\snake\food.h(28,30): warning C4244: аргумент: преобразование "int" в "float", возможна потеря данных
C:\Users\mergo\source\repos\snake\snake\food.h(28,27): warning C4244: аргумент: преобразование "int" в "float", возможна потеря данных
C:\Users\mergo\source\repos\snake\snake\GameScreen.cpp(6,53): warning C4244: аргумент: преобразование "int" в "T", возможна потеря данных
          with
          [
              T=float
          ]
C:\Users\mergo\source\repos\snake\snake\GameScreen.cpp(6,36): warning C4244: аргумент: преобразование "int" в "T", возможна потеря данных
          with
          [
              T=float
          ]
C:\Users\mergo\source\repos\snake\snake\GameScreen.cpp(7,40): warning C4244: аргумент: преобразование "int" в "float", возможна потеря данных
C:\Users\mergo\source\repos\snake\snake\GameScreen.cpp(7,28): warning C4244: аргумент: преобразование "int" в "float", возможна потеря данных
C:\Users\mergo\source\repos\snake\snake\GameScreen.cpp(11,68): warning C4244: аргумент: преобразование "int" в "T", возможна потеря данных
          with
          [
              T=float
          ]
C:\Users\mergo\source\repos\snake\snake\GameScreen.cpp(11,46): warning C4244: аргумент: преобразование "int" в "T", возможна потеря данных
          with
          [
              T=float
          ]
C:\Users\mergo\source\repos\snake\snake\GameScreen.cpp(12,50): warning C4244: аргумент: преобразование "int" в "float", возможна потеря данных
C:\Users\mergo\source\repos\snake\snake\GameScreen.cpp(12,33): warning C4244: аргумент: преобразование "int" в "float", возможна потеря данных
C:\Users\mergo\source\repos\snake\snake\Snake.h(12,36): warning C4244: аргумент: преобразование "int" в "T", возможна потеря данных
          with
          [
              T=float
          ]
C:\Users\mergo\source\repos\snake\snake\Snake.h(12,30): warning C4244: аргумент: преобразование "int" в "T", возможна потеря данных
          with
          [
              T=float
          ]
C:\Users\mergo\source\repos\snake\snake\Snake.h(14,34): warning C4244: аргумент: преобразование "int" в "float", возможна потеря данных
C:\Users\mergo\source\repos\snake\snake\Snake.h(14,24): warning C4244: аргумент: преобразование "int" в "float", возможна потеря данных
C:\Users\mergo\source\repos\snake\snake\Snake.h(60,29): warning C4244: =: преобразование "T" в "int", возможна потеря данных
          with
          [
              T=float
          ]
C:\Users\mergo\source\repos\snake\snake\Snake.h(61,29): warning C4244: =: преобразование "T" в "int", возможна потеря данных
          with
          [
              T=float
          ]
C:\Users\mergo\source\repos\snake\snake\Snake.h(62,24): warning C4244: аргумент: преобразование "int" в "float", возможна потеря данных
C:\Users\mergo\source\repos\snake\snake\Snake.h(62,21): warning C4244: аргумент: преобразование "int" в "float", возможна потеря данных
C:\Users\mergo\source\repos\snake\snake\Body.cpp(43,29): warning C4244: =: преобразование "T" в "int", возможна потеря данных
          with
          [
              T=float
          ]
C:\Users\mergo\source\repos\snake\snake\Body.cpp(44,29): warning C4244: =: преобразование "T" в "int", возможна потеря данных
          with
          [
              T=float
          ]
C:\Users\mergo\source\repos\snake\snake\Body.cpp(45,30): warning C4244: аргумент: преобразование "int" в "float", возможна потеря данных
C:\Users\mergo\source\repos\snake\snake\Body.cpp(45,27): warning C4244: аргумент: преобразование "int" в "float", возможна потеря данных
C:\Users\mergo\source\repos\snake\snake\Game.cpp(89,29): warning C4244: аргумент: преобразование "int" в "float", возможна потеря данных
C:\Users\mergo\source\repos\snake\snake\Game.cpp(89,26): warning C4244: аргумент: преобразование "int" в "float", возможна потеря данных
C:\Users\mergo\source\repos\snake\snake\Main.cpp(14,15): warning C4244: аргумент: преобразование "time_t" в "unsigned int", возможна потеря данных
C:\Users\mergo\source\repos\snake\snake\Snake.cpp(82): warning C4715: notFree: значение возвращается не при всех путях выполнения
C:\Users\mergo\source\repos\snake\snake\Snake.cpp(109): warning C4715: dir_changer: значение возвращается не при всех путях выполнения
  snake.vcxproj -> C:\Users\mergo\source\repos\snake\Debug\snake.exe
